<?xml version="1.0" encoding="UTF-8"?>
<!-- Generated by org.testng.reporters.JUnitReportReporter -->
<testsuite skipped="0" hostname="Shubham-Arora" name="RunAutomatedJob" tests="1" failures="0" timestamp="22 Oct 2018 18:38:21 GMT" time="176.299" errors="1">
  <testcase name="postAutomatedJob" time="176.299" classname="RunAutomatedJob">
    <error type="java.lang.StackOverflowError">
      <![CDATA[java.lang.StackOverflowError
at java.text.DecimalFormatSymbols.getInstance(DecimalFormatSymbols.java:178)
at sun.util.locale.provider.NumberFormatProviderImpl.getInstance(NumberFormatProviderImpl.java:178)
at sun.util.locale.provider.NumberFormatProviderImpl.getNumberInstance(NumberFormatProviderImpl.java:149)
at java.text.NumberFormat.getInstance(NumberFormat.java:875)
at java.text.NumberFormat.getInstance(NumberFormat.java:861)
at java.text.NumberFormat.getNumberInstance(NumberFormat.java:469)
at java.util.Scanner.useLocale(Scanner.java:1186)
at java.util.Scanner.<init>(Scanner.java:540)
at java.util.Scanner.<init>(Scanner.java:563)
at RunAutomatedJob.postAutomatedJob(RunAutomatedJob.java:503)
at RunAutomatedJob.postAutomatedJob(RunAutomatedJob.java:515)
at RunAutomatedJob.postAutomatedJob(RunAutomatedJob.java:515)
at RunAutomatedJob.postAutomatedJob(RunAutomatedJob.java:515)
at RunAutomatedJob.postAutomatedJob(RunAutomatedJob.java:515)
at RunAutomatedJob.postAutomatedJob(RunAutomatedJob.java:515)
at RunAutomatedJob.postAutomatedJob(RunAutomatedJob.java:515)
at RunAutomatedJob.postAutomatedJob(RunAutomatedJob.java:515)
at RunAutomatedJob.postAutomatedJob(RunAutomatedJob.java:515)
at RunAutomatedJob.postAutomatedJob(RunAutomatedJob.java:515)
at RunAutomatedJob.postAutomatedJob(RunAutomatedJob.java:515)
at RunAutomatedJob.postAutomatedJob(RunAutomatedJob.java:515)
at RunAutomatedJob.postAutomatedJob(RunAutomatedJob.java:515)
at RunAutomatedJob.postAutomatedJob(RunAutomatedJob.java:515)
at RunAutomatedJob.postAutomatedJob(RunAutomatedJob.java:515)
at RunAutomatedJob.postAutomatedJob(RunAutomatedJob.java:515)
at RunAutomatedJob.postAutomatedJob(RunAutomatedJob.java:515)
at RunAutomatedJob.postAutomatedJob(RunAutomatedJob.java:515)
at RunAutomatedJob.postAutomatedJob(RunAutomatedJob.java:515)
at RunAutomatedJob.postAutomatedJob(RunAutomatedJob.java:515)
at RunAutomatedJob.postAutomatedJob(RunAutomatedJob.java:515)
at RunAutomatedJob.postAutomatedJob(RunAutomatedJob.java:515)
at RunAutomatedJob.postAutomatedJob(RunAutomatedJob.java:515)
at RunAutomatedJob.postAutomatedJob(RunAutomatedJob.java:515)
at RunAutomatedJob.postAutomatedJob(RunAutomatedJob.java:515)
at RunAutomatedJob.postAutomatedJob(RunAutomatedJob.java:515)
at RunAutomatedJob.postAutomatedJob(RunAutomatedJob.java:515)
at RunAutomatedJob.postAutomatedJob(RunAutomatedJob.java:515)
at RunAutomatedJob.postAutomatedJob(RunAutomatedJob.java:515)
at RunAutomatedJob.postAutomatedJob(RunAutomatedJob.java:515)
at RunAutomatedJob.postAutomatedJob(RunAutomatedJob.java:515)
at RunAutomatedJob.postAutomatedJob(RunAutomatedJob.java:515)
at RunAutomatedJob.postAutomatedJob(RunAutomatedJob.java:515)
at RunAutomatedJob.postAutomatedJob(RunAutomatedJob.java:515)
at RunAutomatedJob.postAutomatedJob(RunAutomatedJob.java:515)
at RunAutomatedJob.postAutomatedJob(RunAutomatedJob.java:515)
at RunAutomatedJob.postAutomatedJob(RunAutomatedJob.java:515)
at RunAutomatedJob.postAutomatedJob(RunAutomatedJob.java:515)
at RunAutomatedJob.postAutomatedJob(RunAutomatedJob.java:515)
at RunAutomatedJob.postAutomatedJob(RunAutomatedJob.java:515)
at RunAutomatedJob.postAutomatedJob(RunAutomatedJob.java:515)
at RunAutomatedJob.postAutomatedJob(RunAutomatedJob.java:515)
at RunAutomatedJob.postAutomatedJob(RunAutomatedJob.java:515)
at RunAutomatedJob.postAutomatedJob(RunAutomatedJob.java:515)
at RunAutomatedJob.postAutomatedJob(RunAutomatedJob.java:515)
at RunAutomatedJob.postAutomatedJob(RunAutomatedJob.java:515)
at RunAutomatedJob.postAutomatedJob(RunAutomatedJob.java:515)
at RunAutomatedJob.postAutomatedJob(RunAutomatedJob.java:515)
at RunAutomatedJob.postAutomatedJob(RunAutomatedJob.java:515)
at RunAutomatedJob.postAutomatedJob(RunAutomatedJob.java:515)
at RunAutomatedJob.postAutomatedJob(RunAutomatedJob.java:515)
at RunAutomatedJob.postAutomatedJob(RunAutomatedJob.java:515)
at RunAutomatedJob.postAutomatedJob(RunAutomatedJob.java:515)
at RunAutomatedJob.postAutomatedJob(RunAutomatedJob.java:515)
at RunAutomatedJob.postAutomatedJob(RunAutomatedJob.java:515)
at RunAutomatedJob.postAutomatedJob(RunAutomatedJob.java:515)
at RunAutomatedJob.postAutomatedJob(RunAutomatedJob.java:515)
at RunAutomatedJob.postAutomatedJob(RunAutomatedJob.java:515)
at RunAutomatedJob.postAutomatedJob(RunAutomatedJob.java:515)
at RunAutomatedJob.postAutomatedJob(RunAutomatedJob.java:515)
at RunAutomatedJob.postAutomatedJob(RunAutomatedJob.java:515)
at RunAutomatedJob.postAutomatedJob(RunAutomatedJob.java:515)
at RunAutomatedJob.postAutomatedJob(RunAutomatedJob.java:515)
at RunAutomatedJob.postAutomatedJob(RunAutomatedJob.java:515)
at RunAutomatedJob.postAutomatedJob(RunAutomatedJob.java:515)
at RunAutomatedJob.postAutomatedJob(RunAutomatedJob.java:515)
at RunAutomatedJob.postAutomatedJob(RunAutomatedJob.java:515)
at RunAutomatedJob.postAutomatedJob(RunAutomatedJob.java:515)
at RunAutomatedJob.postAutomatedJob(RunAutomatedJob.java:515)
at RunAutomatedJob.postAutomatedJob(RunAutomatedJob.java:515)
at RunAutomatedJob.postAutomatedJob(RunAutomatedJob.java:515)
at RunAutomatedJob.postAutomatedJob(RunAutomatedJob.java:515)
at RunAutomatedJob.postAutomatedJob(RunAutomatedJob.java:515)
at RunAutomatedJob.postAutomatedJob(RunAutomatedJob.java:515)
at RunAutomatedJob.postAutomatedJob(RunAutomatedJob.java:515)
at RunAutomatedJob.postAutomatedJob(RunAutomatedJob.java:515)
at RunAutomatedJob.postAutomatedJob(RunAutomatedJob.java:515)
at RunAutomatedJob.postAutomatedJob(RunAutomatedJob.java:515)
at RunAutomatedJob.postAutomatedJob(RunAutomatedJob.java:515)
at RunAutomatedJob.postAutomatedJob(RunAutomatedJob.java:515)
at RunAutomatedJob.postAutomatedJob(RunAutomatedJob.java:515)
at RunAutomatedJob.postAutomatedJob(RunAutomatedJob.java:515)
at RunAutomatedJob.postAutomatedJob(RunAutomatedJob.java:515)
at RunAutomatedJob.postAutomatedJob(RunAutomatedJob.java:515)
at RunAutomatedJob.postAutomatedJob(RunAutomatedJob.java:515)
at RunAutomatedJob.postAutomatedJob(RunAutomatedJob.java:515)
at RunAutomatedJob.postAutomatedJob(RunAutomatedJob.java:515)
at RunAutomatedJob.postAutomatedJob(RunAutomatedJob.java:515)
at RunAutomatedJob.postAutomatedJob(RunAutomatedJob.java:515)
at RunAutomatedJob.postAutomatedJob(RunAutomatedJob.java:515)
at RunAutomatedJob.postAutomatedJob(RunAutomatedJob.java:515)
at RunAutomatedJob.postAutomatedJob(RunAutomatedJob.java:515)
at RunAutomatedJob.postAutomatedJob(RunAutomatedJob.java:515)
at RunAutomatedJob.postAutomatedJob(RunAutomatedJob.java:515)
at RunAutomatedJob.postAutomatedJob(RunAutomatedJob.java:515)
at RunAutomatedJob.postAutomatedJob(RunAutomatedJob.java:515)
at RunAutomatedJob.postAutomatedJob(RunAutomatedJob.java:515)
at RunAutomatedJob.postAutomatedJob(RunAutomatedJob.java:515)
at RunAutomatedJob.postAutomatedJob(RunAutomatedJob.java:515)
at RunAutomatedJob.postAutomatedJob(RunAutomatedJob.java:515)
at RunAutomatedJob.postAutomatedJob(RunAutomatedJob.java:515)
at RunAutomatedJob.postAutomatedJob(RunAutomatedJob.java:515)
at RunAutomatedJob.postAutomatedJob(RunAutomatedJob.java:515)
at RunAutomatedJob.postAutomatedJob(RunAutomatedJob.java:515)
at RunAutomatedJob.postAutomatedJob(RunAutomatedJob.java:515)
at RunAutomatedJob.postAutomatedJob(RunAutomatedJob.java:515)
at RunAutomatedJob.postAutomatedJob(RunAutomatedJob.java:515)
at RunAutomatedJob.postAutomatedJob(RunAutomatedJob.java:515)
at RunAutomatedJob.postAutomatedJob(RunAutomatedJob.java:515)
at RunAutomatedJob.postAutomatedJob(RunAutomatedJob.java:515)
at RunAutomatedJob.postAutomatedJob(RunAutomatedJob.java:515)
at RunAutomatedJob.postAutomatedJob(RunAutomatedJob.java:515)
at RunAutomatedJob.postAutomatedJob(RunAutomatedJob.java:515)
at RunAutomatedJob.postAutomatedJob(RunAutomatedJob.java:515)
at RunAutomatedJob.postAutomatedJob(RunAutomatedJob.java:515)
at RunAutomatedJob.postAutomatedJob(RunAutomatedJob.java:515)
at RunAutomatedJob.postAutomatedJob(RunAutomatedJob.java:515)
at RunAutomatedJob.postAutomatedJob(RunAutomatedJob.java:515)
at RunAutomatedJob.postAutomatedJob(RunAutomatedJob.java:515)
at RunAutomatedJob.postAutomatedJob(RunAutomatedJob.java:515)
at RunAutomatedJob.postAutomatedJob(RunAutomatedJob.java:515)
at RunAutomatedJob.postAutomatedJob(RunAutomatedJob.java:515)
at RunAutomatedJob.postAutomatedJob(RunAutomatedJob.java:515)
at RunAutomatedJob.postAutomatedJob(RunAutomatedJob.java:515)
at RunAutomatedJob.postAutomatedJob(RunAutomatedJob.java:515)
at RunAutomatedJob.postAutomatedJob(RunAutomatedJob.java:515)
at RunAutomatedJob.postAutomatedJob(RunAutomatedJob.java:515)
at RunAutomatedJob.postAutomatedJob(RunAutomatedJob.java:515)
at RunAutomatedJob.postAutomatedJob(RunAutomatedJob.java:515)
at RunAutomatedJob.postAutomatedJob(RunAutomatedJob.java:515)
at RunAutomatedJob.postAutomatedJob(RunAutomatedJob.java:515)
at RunAutomatedJob.postAutomatedJob(RunAutomatedJob.java:515)
at RunAutomatedJob.postAutomatedJob(RunAutomatedJob.java:515)
at RunAutomatedJob.postAutomatedJob(RunAutomatedJob.java:515)
at RunAutomatedJob.postAutomatedJob(RunAutomatedJob.java:515)
at RunAutomatedJob.postAutomatedJob(RunAutomatedJob.java:515)
at RunAutomatedJob.postAutomatedJob(RunAutomatedJob.java:515)
at RunAutomatedJob.postAutomatedJob(RunAutomatedJob.java:515)
at RunAutomatedJob.postAutomatedJob(RunAutomatedJob.java:515)
at RunAutomatedJob.postAutomatedJob(RunAutomatedJob.java:515)
at RunAutomatedJob.postAutomatedJob(RunAutomatedJob.java:515)
at RunAutomatedJob.postAutomatedJob(RunAutomatedJob.java:515)
at RunAutomatedJob.postAutomatedJob(RunAutomatedJob.java:515)
at RunAutomatedJob.postAutomatedJob(RunAutomatedJob.java:515)
at RunAutomatedJob.postAutomatedJob(RunAutomatedJob.java:515)
at RunAutomatedJob.postAutomatedJob(RunAutomatedJob.java:515)
at RunAutomatedJob.postAutomatedJob(RunAutomatedJob.java:515)
at RunAutomatedJob.postAutomatedJob(RunAutomatedJob.java:515)
at RunAutomatedJob.postAutomatedJob(RunAutomatedJob.java:515)
at RunAutomatedJob.postAutomatedJob(RunAutomatedJob.java:515)
at RunAutomatedJob.postAutomatedJob(RunAutomatedJob.java:515)
at RunAutomatedJob.postAutomatedJob(RunAutomatedJob.java:515)
at RunAutomatedJob.postAutomatedJob(RunAutomatedJob.java:515)
at RunAutomatedJob.postAutomatedJob(RunAutomatedJob.java:515)
at RunAutomatedJob.postAutomatedJob(RunAutomatedJob.java:515)
at RunAutomatedJob.postAutomatedJob(RunAutomatedJob.java:515)
at RunAutomatedJob.postAutomatedJob(RunAutomatedJob.java:515)
at RunAutomatedJob.postAutomatedJob(RunAutomatedJob.java:515)
at RunAutomatedJob.postAutomatedJob(RunAutomatedJob.java:515)
at RunAutomatedJob.postAutomatedJob(RunAutomatedJob.java:515)
at RunAutomatedJob.postAutomatedJob(RunAutomatedJob.java:515)
at RunAutomatedJob.postAutomatedJob(RunAutomatedJob.java:515)
at RunAutomatedJob.postAutomatedJob(RunAutomatedJob.java:515)
at RunAutomatedJob.postAutomatedJob(RunAutomatedJob.java:515)
at RunAutomatedJob.postAutomatedJob(RunAutomatedJob.java:515)
at RunAutomatedJob.postAutomatedJob(RunAutomatedJob.java:515)
at RunAutomatedJob.postAutomatedJob(RunAutomatedJob.java:515)
at RunAutomatedJob.postAutomatedJob(RunAutomatedJob.java:515)
at RunAutomatedJob.postAutomatedJob(RunAutomatedJob.java:515)
at RunAutomatedJob.postAutomatedJob(RunAutomatedJob.java:515)
at RunAutomatedJob.postAutomatedJob(RunAutomatedJob.java:515)
at RunAutomatedJob.postAutomatedJob(RunAutomatedJob.java:515)
at RunAutomatedJob.postAutomatedJob(RunAutomatedJob.java:515)
at RunAutomatedJob.postAutomatedJob(RunAutomatedJob.java:515)
at RunAutomatedJob.postAutomatedJob(RunAutomatedJob.java:515)
at RunAutomatedJob.postAutomatedJob(RunAutomatedJob.java:515)
at RunAutomatedJob.postAutomatedJob(RunAutomatedJob.java:515)
at RunAutomatedJob.postAutomatedJob(RunAutomatedJob.java:515)
at RunAutomatedJob.postAutomatedJob(RunAutomatedJob.java:515)
at RunAutomatedJob.postAutomatedJob(RunAutomatedJob.java:515)
at RunAutomatedJob.postAutomatedJob(RunAutomatedJob.java:515)
at RunAutomatedJob.postAutomatedJob(RunAutomatedJob.java:515)
at RunAutomatedJob.postAutomatedJob(RunAutomatedJob.java:515)
at RunAutomatedJob.postAutomatedJob(RunAutomatedJob.java:515)
at RunAutomatedJob.postAutomatedJob(RunAutomatedJob.java:515)
at RunAutomatedJob.postAutomatedJob(RunAutomatedJob.java:515)
at RunAutomatedJob.postAutomatedJob(RunAutomatedJob.java:515)
at RunAutomatedJob.postAutomatedJob(RunAutomatedJob.java:515)
at RunAutomatedJob.postAutomatedJob(RunAutomatedJob.java:515)
at RunAutomatedJob.postAutomatedJob(RunAutomatedJob.java:515)
at RunAutomatedJob.postAutomatedJob(RunAutomatedJob.java:515)
at RunAutomatedJob.postAutomatedJob(RunAutomatedJob.java:515)
at RunAutomatedJob.postAutomatedJob(RunAutomatedJob.java:515)
at RunAutomatedJob.postAutomatedJob(RunAutomatedJob.java:515)
at RunAutomatedJob.postAutomatedJob(RunAutomatedJob.java:515)
at RunAutomatedJob.postAutomatedJob(RunAutomatedJob.java:515)
at RunAutomatedJob.postAutomatedJob(RunAutomatedJob.java:515)
at RunAutomatedJob.postAutomatedJob(RunAutomatedJob.java:515)
at RunAutomatedJob.postAutomatedJob(RunAutomatedJob.java:515)
at RunAutomatedJob.postAutomatedJob(RunAutomatedJob.java:515)
at RunAutomatedJob.postAutomatedJob(RunAutomatedJob.java:515)
at RunAutomatedJob.postAutomatedJob(RunAutomatedJob.java:515)
at RunAutomatedJob.postAutomatedJob(RunAutomatedJob.java:515)
at RunAutomatedJob.postAutomatedJob(RunAutomatedJob.java:515)
at RunAutomatedJob.postAutomatedJob(RunAutomatedJob.java:515)
at RunAutomatedJob.postAutomatedJob(RunAutomatedJob.java:515)
at RunAutomatedJob.postAutomatedJob(RunAutomatedJob.java:515)
at RunAutomatedJob.postAutomatedJob(RunAutomatedJob.java:515)
at RunAutomatedJob.postAutomatedJob(RunAutomatedJob.java:515)
at RunAutomatedJob.postAutomatedJob(RunAutomatedJob.java:515)
at RunAutomatedJob.postAutomatedJob(RunAutomatedJob.java:515)
at RunAutomatedJob.postAutomatedJob(RunAutomatedJob.java:515)
at RunAutomatedJob.postAutomatedJob(RunAutomatedJob.java:515)
at RunAutomatedJob.postAutomatedJob(RunAutomatedJob.java:515)
at RunAutomatedJob.postAutomatedJob(RunAutomatedJob.java:515)
at RunAutomatedJob.postAutomatedJob(RunAutomatedJob.java:515)
at RunAutomatedJob.postAutomatedJob(RunAutomatedJob.java:515)
at RunAutomatedJob.postAutomatedJob(RunAutomatedJob.java:515)
at RunAutomatedJob.postAutomatedJob(RunAutomatedJob.java:515)
at RunAutomatedJob.postAutomatedJob(RunAutomatedJob.java:515)
at RunAutomatedJob.postAutomatedJob(RunAutomatedJob.java:515)
at RunAutomatedJob.postAutomatedJob(RunAutomatedJob.java:515)
at RunAutomatedJob.postAutomatedJob(RunAutomatedJob.java:515)
at RunAutomatedJob.postAutomatedJob(RunAutomatedJob.java:515)
at RunAutomatedJob.postAutomatedJob(RunAutomatedJob.java:515)
at RunAutomatedJob.postAutomatedJob(RunAutomatedJob.java:515)
at RunAutomatedJob.postAutomatedJob(RunAutomatedJob.java:515)
at RunAutomatedJob.postAutomatedJob(RunAutomatedJob.java:515)
at RunAutomatedJob.postAutomatedJob(RunAutomatedJob.java:515)
at RunAutomatedJob.postAutomatedJob(RunAutomatedJob.java:515)
at RunAutomatedJob.postAutomatedJob(RunAutomatedJob.java:515)
at RunAutomatedJob.postAutomatedJob(RunAutomatedJob.java:515)
at RunAutomatedJob.postAutomatedJob(RunAutomatedJob.java:515)
at RunAutomatedJob.postAutomatedJob(RunAutomatedJob.java:515)
at RunAutomatedJob.postAutomatedJob(RunAutomatedJob.java:515)
at RunAutomatedJob.postAutomatedJob(RunAutomatedJob.java:515)
at RunAutomatedJob.postAutomatedJob(RunAutomatedJob.java:515)
at RunAutomatedJob.postAutomatedJob(RunAutomatedJob.java:515)
at RunAutomatedJob.postAutomatedJob(RunAutomatedJob.java:515)
at RunAutomatedJob.postAutomatedJob(RunAutomatedJob.java:515)
at RunAutomatedJob.postAutomatedJob(RunAutomatedJob.java:515)
at RunAutomatedJob.postAutomatedJob(RunAutomatedJob.java:515)
at RunAutomatedJob.postAutomatedJob(RunAutomatedJob.java:515)
at RunAutomatedJob.postAutomatedJob(RunAutomatedJob.java:515)
at RunAutomatedJob.postAutomatedJob(RunAutomatedJob.java:515)
at RunAutomatedJob.postAutomatedJob(RunAutomatedJob.java:515)
at RunAutomatedJob.postAutomatedJob(RunAutomatedJob.java:515)
at RunAutomatedJob.postAutomatedJob(RunAutomatedJob.java:515)
at RunAutomatedJob.postAutomatedJob(RunAutomatedJob.java:515)
at RunAutomatedJob.postAutomatedJob(RunAutomatedJob.java:515)
at RunAutomatedJob.postAutomatedJob(RunAutomatedJob.java:515)
at RunAutomatedJob.postAutomatedJob(RunAutomatedJob.java:515)
at RunAutomatedJob.postAutomatedJob(RunAutomatedJob.java:515)
at RunAutomatedJob.postAutomatedJob(RunAutomatedJob.java:515)
at RunAutomatedJob.postAutomatedJob(RunAutomatedJob.java:515)
at RunAutomatedJob.postAutomatedJob(RunAutomatedJob.java:515)
at RunAutomatedJob.postAutomatedJob(RunAutomatedJob.java:515)
at RunAutomatedJob.postAutomatedJob(RunAutomatedJob.java:515)
at RunAutomatedJob.postAutomatedJob(RunAutomatedJob.java:515)
at RunAutomatedJob.postAutomatedJob(RunAutomatedJob.java:515)
at RunAutomatedJob.postAutomatedJob(RunAutomatedJob.java:515)
at RunAutomatedJob.postAutomatedJob(RunAutomatedJob.java:515)
at RunAutomatedJob.postAutomatedJob(RunAutomatedJob.java:515)
at RunAutomatedJob.postAutomatedJob(RunAutomatedJob.java:515)
at RunAutomatedJob.postAutomatedJob(RunAutomatedJob.java:515)
at RunAutomatedJob.postAutomatedJob(RunAutomatedJob.java:515)
at RunAutomatedJob.postAutomatedJob(RunAutomatedJob.java:515)
at RunAutomatedJob.postAutomatedJob(RunAutomatedJob.java:515)
at RunAutomatedJob.postAutomatedJob(RunAutomatedJob.java:515)
at RunAutomatedJob.postAutomatedJob(RunAutomatedJob.java:515)
at RunAutomatedJob.postAutomatedJob(RunAutomatedJob.java:515)
at RunAutomatedJob.postAutomatedJob(RunAutomatedJob.java:515)
at RunAutomatedJob.postAutomatedJob(RunAutomatedJob.java:515)
at RunAutomatedJob.postAutomatedJob(RunAutomatedJob.java:515)
at RunAutomatedJob.postAutomatedJob(RunAutomatedJob.java:515)
at RunAutomatedJob.postAutomatedJob(RunAutomatedJob.java:515)
at RunAutomatedJob.postAutomatedJob(RunAutomatedJob.java:515)
at RunAutomatedJob.postAutomatedJob(RunAutomatedJob.java:515)
at RunAutomatedJob.postAutomatedJob(RunAutomatedJob.java:515)
at RunAutomatedJob.postAutomatedJob(RunAutomatedJob.java:515)
at RunAutomatedJob.postAutomatedJob(RunAutomatedJob.java:515)
at RunAutomatedJob.postAutomatedJob(RunAutomatedJob.java:515)
at RunAutomatedJob.postAutomatedJob(RunAutomatedJob.java:515)
at RunAutomatedJob.postAutomatedJob(RunAutomatedJob.java:515)
at RunAutomatedJob.postAutomatedJob(RunAutomatedJob.java:515)
at RunAutomatedJob.postAutomatedJob(RunAutomatedJob.java:515)
at RunAutomatedJob.postAutomatedJob(RunAutomatedJob.java:515)
at RunAutomatedJob.postAutomatedJob(RunAutomatedJob.java:515)
at RunAutomatedJob.postAutomatedJob(RunAutomatedJob.java:515)
at RunAutomatedJob.postAutomatedJob(RunAutomatedJob.java:515)
at RunAutomatedJob.postAutomatedJob(RunAutomatedJob.java:515)
at RunAutomatedJob.postAutomatedJob(RunAutomatedJob.java:515)
at RunAutomatedJob.postAutomatedJob(RunAutomatedJob.java:515)
at RunAutomatedJob.postAutomatedJob(RunAutomatedJob.java:515)
at RunAutomatedJob.postAutomatedJob(RunAutomatedJob.java:515)
at RunAutomatedJob.postAutomatedJob(RunAutomatedJob.java:515)
at RunAutomatedJob.postAutomatedJob(RunAutomatedJob.java:515)
at RunAutomatedJob.postAutomatedJob(RunAutomatedJob.java:515)
at RunAutomatedJob.postAutomatedJob(RunAutomatedJob.java:515)
at RunAutomatedJob.postAutomatedJob(RunAutomatedJob.java:515)
at RunAutomatedJob.postAutomatedJob(RunAutomatedJob.java:515)
at RunAutomatedJob.postAutomatedJob(RunAutomatedJob.java:515)
at RunAutomatedJob.postAutomatedJob(RunAutomatedJob.java:515)
at RunAutomatedJob.postAutomatedJob(RunAutomatedJob.java:515)
at RunAutomatedJob.postAutomatedJob(RunAutomatedJob.java:515)
at RunAutomatedJob.postAutomatedJob(RunAutomatedJob.java:515)
at RunAutomatedJob.postAutomatedJob(RunAutomatedJob.java:515)
at RunAutomatedJob.postAutomatedJob(RunAutomatedJob.java:515)
at RunAutomatedJob.postAutomatedJob(RunAutomatedJob.java:515)
at RunAutomatedJob.postAutomatedJob(RunAutomatedJob.java:515)
at RunAutomatedJob.postAutomatedJob(RunAutomatedJob.java:515)
at RunAutomatedJob.postAutomatedJob(RunAutomatedJob.java:515)
at RunAutomatedJob.postAutomatedJob(RunAutomatedJob.java:515)
at RunAutomatedJob.postAutomatedJob(RunAutomatedJob.java:515)
at RunAutomatedJob.postAutomatedJob(RunAutomatedJob.java:515)
at RunAutomatedJob.postAutomatedJob(RunAutomatedJob.java:515)
at RunAutomatedJob.postAutomatedJob(RunAutomatedJob.java:515)
at RunAutomatedJob.postAutomatedJob(RunAutomatedJob.java:515)
at RunAutomatedJob.postAutomatedJob(RunAutomatedJob.java:515)
at RunAutomatedJob.postAutomatedJob(RunAutomatedJob.java:515)
at RunAutomatedJob.postAutomatedJob(RunAutomatedJob.java:515)
at RunAutomatedJob.postAutomatedJob(RunAutomatedJob.java:515)
at RunAutomatedJob.postAutomatedJob(RunAutomatedJob.java:515)
at RunAutomatedJob.postAutomatedJob(RunAutomatedJob.java:515)
at RunAutomatedJob.postAutomatedJob(RunAutomatedJob.java:515)
at RunAutomatedJob.postAutomatedJob(RunAutomatedJob.java:515)
at RunAutomatedJob.postAutomatedJob(RunAutomatedJob.java:515)
at RunAutomatedJob.postAutomatedJob(RunAutomatedJob.java:515)
at RunAutomatedJob.postAutomatedJob(RunAutomatedJob.java:515)
at RunAutomatedJob.postAutomatedJob(RunAutomatedJob.java:515)
at RunAutomatedJob.postAutomatedJob(RunAutomatedJob.java:515)
at RunAutomatedJob.postAutomatedJob(RunAutomatedJob.java:515)
at RunAutomatedJob.postAutomatedJob(RunAutomatedJob.java:515)
at RunAutomatedJob.postAutomatedJob(RunAutomatedJob.java:515)
at RunAutomatedJob.postAutomatedJob(RunAutomatedJob.java:515)
at RunAutomatedJob.postAutomatedJob(RunAutomatedJob.java:515)
at RunAutomatedJob.postAutomatedJob(RunAutomatedJob.java:515)
at RunAutomatedJob.postAutomatedJob(RunAutomatedJob.java:515)
at RunAutomatedJob.postAutomatedJob(RunAutomatedJob.java:515)
at RunAutomatedJob.postAutomatedJob(RunAutomatedJob.java:515)
at RunAutomatedJob.postAutomatedJob(RunAutomatedJob.java:515)
at RunAutomatedJob.postAutomatedJob(RunAutomatedJob.java:515)
at RunAutomatedJob.postAutomatedJob(RunAutomatedJob.java:515)
at RunAutomatedJob.postAutomatedJob(RunAutomatedJob.java:515)
at RunAutomatedJob.postAutomatedJob(RunAutomatedJob.java:515)
at RunAutomatedJob.postAutomatedJob(RunAutomatedJob.java:515)
at RunAutomatedJob.postAutomatedJob(RunAutomatedJob.java:515)
at RunAutomatedJob.postAutomatedJob(RunAutomatedJob.java:515)
at RunAutomatedJob.postAutomatedJob(RunAutomatedJob.java:515)
at RunAutomatedJob.postAutomatedJob(RunAutomatedJob.java:515)
at RunAutomatedJob.postAutomatedJob(RunAutomatedJob.java:515)
at RunAutomatedJob.postAutomatedJob(RunAutomatedJob.java:515)
at RunAutomatedJob.postAutomatedJob(RunAutomatedJob.java:515)
at RunAutomatedJob.postAutomatedJob(RunAutomatedJob.java:515)
at RunAutomatedJob.postAutomatedJob(RunAutomatedJob.java:515)
at RunAutomatedJob.postAutomatedJob(RunAutomatedJob.java:515)
at RunAutomatedJob.postAutomatedJob(RunAutomatedJob.java:515)
at RunAutomatedJob.postAutomatedJob(RunAutomatedJob.java:515)
at RunAutomatedJob.postAutomatedJob(RunAutomatedJob.java:515)
at RunAutomatedJob.postAutomatedJob(RunAutomatedJob.java:515)
at RunAutomatedJob.postAutomatedJob(RunAutomatedJob.java:515)
at RunAutomatedJob.postAutomatedJob(RunAutomatedJob.java:515)
at RunAutomatedJob.postAutomatedJob(RunAutomatedJob.java:515)
at RunAutomatedJob.postAutomatedJob(RunAutomatedJob.java:515)
at RunAutomatedJob.postAutomatedJob(RunAutomatedJob.java:515)
at RunAutomatedJob.postAutomatedJob(RunAutomatedJob.java:515)
at RunAutomatedJob.postAutomatedJob(RunAutomatedJob.java:515)
at RunAutomatedJob.postAutomatedJob(RunAutomatedJob.java:515)
at RunAutomatedJob.postAutomatedJob(RunAutomatedJob.java:515)
at RunAutomatedJob.postAutomatedJob(RunAutomatedJob.java:515)
at RunAutomatedJob.postAutomatedJob(RunAutomatedJob.java:515)
at RunAutomatedJob.postAutomatedJob(RunAutomatedJob.java:515)
at RunAutomatedJob.postAutomatedJob(RunAutomatedJob.java:515)
at RunAutomatedJob.postAutomatedJob(RunAutomatedJob.java:515)
at RunAutomatedJob.postAutomatedJob(RunAutomatedJob.java:515)
at RunAutomatedJob.postAutomatedJob(RunAutomatedJob.java:515)
at RunAutomatedJob.postAutomatedJob(RunAutomatedJob.java:515)
at RunAutomatedJob.postAutomatedJob(RunAutomatedJob.java:515)
at RunAutomatedJob.postAutomatedJob(RunAutomatedJob.java:515)
at RunAutomatedJob.postAutomatedJob(RunAutomatedJob.java:515)
at RunAutomatedJob.postAutomatedJob(RunAutomatedJob.java:515)
at RunAutomatedJob.postAutomatedJob(RunAutomatedJob.java:515)
at RunAutomatedJob.postAutomatedJob(RunAutomatedJob.java:515)
at RunAutomatedJob.postAutomatedJob(RunAutomatedJob.java:515)
at RunAutomatedJob.postAutomatedJob(RunAutomatedJob.java:515)
at RunAutomatedJob.postAutomatedJob(RunAutomatedJob.java:515)
at RunAutomatedJob.postAutomatedJob(RunAutomatedJob.java:515)
at RunAutomatedJob.postAutomatedJob(RunAutomatedJob.java:515)
at RunAutomatedJob.postAutomatedJob(RunAutomatedJob.java:515)
at RunAutomatedJob.postAutomatedJob(RunAutomatedJob.java:515)
at RunAutomatedJob.postAutomatedJob(RunAutomatedJob.java:515)
at RunAutomatedJob.postAutomatedJob(RunAutomatedJob.java:515)
at RunAutomatedJob.postAutomatedJob(RunAutomatedJob.java:515)
at RunAutomatedJob.postAutomatedJob(RunAutomatedJob.java:515)
at RunAutomatedJob.postAutomatedJob(RunAutomatedJob.java:515)
at RunAutomatedJob.postAutomatedJob(RunAutomatedJob.java:515)
at RunAutomatedJob.postAutomatedJob(RunAutomatedJob.java:515)
at RunAutomatedJob.postAutomatedJob(RunAutomatedJob.java:515)
at RunAutomatedJob.postAutomatedJob(RunAutomatedJob.java:515)
at RunAutomatedJob.postAutomatedJob(RunAutomatedJob.java:515)
at RunAutomatedJob.postAutomatedJob(RunAutomatedJob.java:515)
at RunAutomatedJob.postAutomatedJob(RunAutomatedJob.java:515)
at RunAutomatedJob.postAutomatedJob(RunAutomatedJob.java:515)
at RunAutomatedJob.postAutomatedJob(RunAutomatedJob.java:515)
at RunAutomatedJob.postAutomatedJob(RunAutomatedJob.java:515)
at RunAutomatedJob.postAutomatedJob(RunAutomatedJob.java:515)
at RunAutomatedJob.postAutomatedJob(RunAutomatedJob.java:515)
at RunAutomatedJob.postAutomatedJob(RunAutomatedJob.java:515)
at RunAutomatedJob.postAutomatedJob(RunAutomatedJob.java:515)
at RunAutomatedJob.postAutomatedJob(RunAutomatedJob.java:515)
at RunAutomatedJob.postAutomatedJob(RunAutomatedJob.java:515)
at RunAutomatedJob.postAutomatedJob(RunAutomatedJob.java:515)
at RunAutomatedJob.postAutomatedJob(RunAutomatedJob.java:515)
at RunAutomatedJob.postAutomatedJob(RunAutomatedJob.java:515)
at RunAutomatedJob.postAutomatedJob(RunAutomatedJob.java:515)
at RunAutomatedJob.postAutomatedJob(RunAutomatedJob.java:515)
at RunAutomatedJob.postAutomatedJob(RunAutomatedJob.java:515)
at RunAutomatedJob.postAutomatedJob(RunAutomatedJob.java:515)
at RunAutomatedJob.postAutomatedJob(RunAutomatedJob.java:515)
at RunAutomatedJob.postAutomatedJob(RunAutomatedJob.java:515)
at RunAutomatedJob.postAutomatedJob(RunAutomatedJob.java:515)
at RunAutomatedJob.postAutomatedJob(RunAutomatedJob.java:515)
at RunAutomatedJob.postAutomatedJob(RunAutomatedJob.java:515)
at RunAutomatedJob.postAutomatedJob(RunAutomatedJob.java:515)
at RunAutomatedJob.postAutomatedJob(RunAutomatedJob.java:515)
at RunAutomatedJob.postAutomatedJob(RunAutomatedJob.java:515)
at RunAutomatedJob.postAutomatedJob(RunAutomatedJob.java:515)
at RunAutomatedJob.postAutomatedJob(RunAutomatedJob.java:515)
at RunAutomatedJob.postAutomatedJob(RunAutomatedJob.java:515)
at RunAutomatedJob.postAutomatedJob(RunAutomatedJob.java:515)
at RunAutomatedJob.postAutomatedJob(RunAutomatedJob.java:515)
at RunAutomatedJob.postAutomatedJob(RunAutomatedJob.java:515)
at RunAutomatedJob.postAutomatedJob(RunAutomatedJob.java:515)
at RunAutomatedJob.postAutomatedJob(RunAutomatedJob.java:515)
at RunAutomatedJob.postAutomatedJob(RunAutomatedJob.java:515)
at RunAutomatedJob.postAutomatedJob(RunAutomatedJob.java:515)
at RunAutomatedJob.postAutomatedJob(RunAutomatedJob.java:515)
at RunAutomatedJob.postAutomatedJob(RunAutomatedJob.java:515)
at RunAutomatedJob.postAutomatedJob(RunAutomatedJob.java:515)
at RunAutomatedJob.postAutomatedJob(RunAutomatedJob.java:515)
at RunAutomatedJob.postAutomatedJob(RunAutomatedJob.java:515)
at RunAutomatedJob.postAutomatedJob(RunAutomatedJob.java:515)
at RunAutomatedJob.postAutomatedJob(RunAutomatedJob.java:515)
at RunAutomatedJob.postAutomatedJob(RunAutomatedJob.java:515)
at RunAutomatedJob.postAutomatedJob(RunAutomatedJob.java:515)
at RunAutomatedJob.postAutomatedJob(RunAutomatedJob.java:515)
at RunAutomatedJob.postAutomatedJob(RunAutomatedJob.java:515)
at RunAutomatedJob.postAutomatedJob(RunAutomatedJob.java:515)
at RunAutomatedJob.postAutomatedJob(RunAutomatedJob.java:515)
at RunAutomatedJob.postAutomatedJob(RunAutomatedJob.java:515)
at RunAutomatedJob.postAutomatedJob(RunAutomatedJob.java:515)
at RunAutomatedJob.postAutomatedJob(RunAutomatedJob.java:515)
at RunAutomatedJob.postAutomatedJob(RunAutomatedJob.java:515)
at RunAutomatedJob.postAutomatedJob(RunAutomatedJob.java:515)
at RunAutomatedJob.postAutomatedJob(RunAutomatedJob.java:515)
at RunAutomatedJob.postAutomatedJob(RunAutomatedJob.java:515)
at RunAutomatedJob.postAutomatedJob(RunAutomatedJob.java:515)
at RunAutomatedJob.postAutomatedJob(RunAutomatedJob.java:515)
at RunAutomatedJob.postAutomatedJob(RunAutomatedJob.java:515)
at RunAutomatedJob.postAutomatedJob(RunAutomatedJob.java:515)
at RunAutomatedJob.postAutomatedJob(RunAutomatedJob.java:515)
at RunAutomatedJob.postAutomatedJob(RunAutomatedJob.java:515)
at RunAutomatedJob.postAutomatedJob(RunAutomatedJob.java:515)
at RunAutomatedJob.postAutomatedJob(RunAutomatedJob.java:515)
at RunAutomatedJob.postAutomatedJob(RunAutomatedJob.java:515)
at RunAutomatedJob.postAutomatedJob(RunAutomatedJob.java:515)
at RunAutomatedJob.postAutomatedJob(RunAutomatedJob.java:515)
at RunAutomatedJob.postAutomatedJob(RunAutomatedJob.java:515)
at RunAutomatedJob.postAutomatedJob(RunAutomatedJob.java:515)
at RunAutomatedJob.postAutomatedJob(RunAutomatedJob.java:515)
at RunAutomatedJob.postAutomatedJob(RunAutomatedJob.java:515)
at RunAutomatedJob.postAutomatedJob(RunAutomatedJob.java:515)
at RunAutomatedJob.postAutomatedJob(RunAutomatedJob.java:515)
at RunAutomatedJob.postAutomatedJob(RunAutomatedJob.java:515)
at RunAutomatedJob.postAutomatedJob(RunAutomatedJob.java:515)
at RunAutomatedJob.postAutomatedJob(RunAutomatedJob.java:515)
at RunAutomatedJob.postAutomatedJob(RunAutomatedJob.java:515)
at RunAutomatedJob.postAutomatedJob(RunAutomatedJob.java:515)
at RunAutomatedJob.postAutomatedJob(RunAutomatedJob.java:515)
at RunAutomatedJob.postAutomatedJob(RunAutomatedJob.java:515)
at RunAutomatedJob.postAutomatedJob(RunAutomatedJob.java:515)
at RunAutomatedJob.postAutomatedJob(RunAutomatedJob.java:515)
at RunAutomatedJob.postAutomatedJob(RunAutomatedJob.java:515)
at RunAutomatedJob.postAutomatedJob(RunAutomatedJob.java:515)
at RunAutomatedJob.postAutomatedJob(RunAutomatedJob.java:515)
at RunAutomatedJob.postAutomatedJob(RunAutomatedJob.java:515)
at RunAutomatedJob.postAutomatedJob(RunAutomatedJob.java:515)
at RunAutomatedJob.postAutomatedJob(RunAutomatedJob.java:515)
at RunAutomatedJob.postAutomatedJob(RunAutomatedJob.java:515)
at RunAutomatedJob.postAutomatedJob(RunAutomatedJob.java:515)
at RunAutomatedJob.postAutomatedJob(RunAutomatedJob.java:515)
at RunAutomatedJob.postAutomatedJob(RunAutomatedJob.java:515)
at RunAutomatedJob.postAutomatedJob(RunAutomatedJob.java:515)
at RunAutomatedJob.postAutomatedJob(RunAutomatedJob.java:515)
at RunAutomatedJob.postAutomatedJob(RunAutomatedJob.java:515)
at RunAutomatedJob.postAutomatedJob(RunAutomatedJob.java:515)
at RunAutomatedJob.postAutomatedJob(RunAutomatedJob.java:515)
at RunAutomatedJob.postAutomatedJob(RunAutomatedJob.java:515)
at RunAutomatedJob.postAutomatedJob(RunAutomatedJob.java:515)
at RunAutomatedJob.postAutomatedJob(RunAutomatedJob.java:515)
at RunAutomatedJob.postAutomatedJob(RunAutomatedJob.java:515)
at RunAutomatedJob.postAutomatedJob(RunAutomatedJob.java:515)
at RunAutomatedJob.postAutomatedJob(RunAutomatedJob.java:515)
at RunAutomatedJob.postAutomatedJob(RunAutomatedJob.java:515)
at RunAutomatedJob.postAutomatedJob(RunAutomatedJob.java:515)
at RunAutomatedJob.postAutomatedJob(RunAutomatedJob.java:515)
at RunAutomatedJob.postAutomatedJob(RunAutomatedJob.java:515)
at RunAutomatedJob.postAutomatedJob(RunAutomatedJob.java:515)
at RunAutomatedJob.postAutomatedJob(RunAutomatedJob.java:515)
at RunAutomatedJob.postAutomatedJob(RunAutomatedJob.java:515)
at RunAutomatedJob.postAutomatedJob(RunAutomatedJob.java:515)
at RunAutomatedJob.postAutomatedJob(RunAutomatedJob.java:515)
at RunAutomatedJob.postAutomatedJob(RunAutomatedJob.java:515)
at RunAutomatedJob.postAutomatedJob(RunAutomatedJob.java:515)
at RunAutomatedJob.postAutomatedJob(RunAutomatedJob.java:515)
at RunAutomatedJob.postAutomatedJob(RunAutomatedJob.java:515)
at RunAutomatedJob.postAutomatedJob(RunAutomatedJob.java:515)
at RunAutomatedJob.postAutomatedJob(RunAutomatedJob.java:515)
at RunAutomatedJob.postAutomatedJob(RunAutomatedJob.java:515)
at RunAutomatedJob.postAutomatedJob(RunAutomatedJob.java:515)
at RunAutomatedJob.postAutomatedJob(RunAutomatedJob.java:515)
at RunAutomatedJob.postAutomatedJob(RunAutomatedJob.java:515)
at RunAutomatedJob.postAutomatedJob(RunAutomatedJob.java:515)
at RunAutomatedJob.postAutomatedJob(RunAutomatedJob.java:515)
at RunAutomatedJob.postAutomatedJob(RunAutomatedJob.java:515)
at RunAutomatedJob.postAutomatedJob(RunAutomatedJob.java:515)
at RunAutomatedJob.postAutomatedJob(RunAutomatedJob.java:515)
at RunAutomatedJob.postAutomatedJob(RunAutomatedJob.java:515)
at RunAutomatedJob.postAutomatedJob(RunAutomatedJob.java:515)
at RunAutomatedJob.postAutomatedJob(RunAutomatedJob.java:515)
at RunAutomatedJob.postAutomatedJob(RunAutomatedJob.java:515)
at RunAutomatedJob.postAutomatedJob(RunAutomatedJob.java:515)
at RunAutomatedJob.postAutomatedJob(RunAutomatedJob.java:515)
at RunAutomatedJob.postAutomatedJob(RunAutomatedJob.java:515)
at RunAutomatedJob.postAutomatedJob(RunAutomatedJob.java:515)
at RunAutomatedJob.postAutomatedJob(RunAutomatedJob.java:515)
at RunAutomatedJob.postAutomatedJob(RunAutomatedJob.java:515)
at RunAutomatedJob.postAutomatedJob(RunAutomatedJob.java:515)
at RunAutomatedJob.postAutomatedJob(RunAutomatedJob.java:515)
at RunAutomatedJob.postAutomatedJob(RunAutomatedJob.java:515)
at RunAutomatedJob.postAutomatedJob(RunAutomatedJob.java:515)
at RunAutomatedJob.postAutomatedJob(RunAutomatedJob.java:515)
at RunAutomatedJob.postAutomatedJob(RunAutomatedJob.java:515)
at RunAutomatedJob.postAutomatedJob(RunAutomatedJob.java:515)
at RunAutomatedJob.postAutomatedJob(RunAutomatedJob.java:515)
at RunAutomatedJob.postAutomatedJob(RunAutomatedJob.java:515)
at RunAutomatedJob.postAutomatedJob(RunAutomatedJob.java:515)
at RunAutomatedJob.postAutomatedJob(RunAutomatedJob.java:515)
at RunAutomatedJob.postAutomatedJob(RunAutomatedJob.java:515)
at RunAutomatedJob.postAutomatedJob(RunAutomatedJob.java:515)
at RunAutomatedJob.postAutomatedJob(RunAutomatedJob.java:515)
at RunAutomatedJob.postAutomatedJob(RunAutomatedJob.java:515)
at RunAutomatedJob.postAutomatedJob(RunAutomatedJob.java:515)
at RunAutomatedJob.postAutomatedJob(RunAutomatedJob.java:515)
at RunAutomatedJob.postAutomatedJob(RunAutomatedJob.java:515)
at RunAutomatedJob.postAutomatedJob(RunAutomatedJob.java:515)
at RunAutomatedJob.postAutomatedJob(RunAutomatedJob.java:515)
at RunAutomatedJob.postAutomatedJob(RunAutomatedJob.java:515)
at RunAutomatedJob.postAutomatedJob(RunAutomatedJob.java:515)
at RunAutomatedJob.postAutomatedJob(RunAutomatedJob.java:515)
at RunAutomatedJob.postAutomatedJob(RunAutomatedJob.java:515)
at RunAutomatedJob.postAutomatedJob(RunAutomatedJob.java:515)
at RunAutomatedJob.postAutomatedJob(RunAutomatedJob.java:515)
at RunAutomatedJob.postAutomatedJob(RunAutomatedJob.java:515)
at RunAutomatedJob.postAutomatedJob(RunAutomatedJob.java:515)
at RunAutomatedJob.postAutomatedJob(RunAutomatedJob.java:515)
at RunAutomatedJob.postAutomatedJob(RunAutomatedJob.java:515)
at RunAutomatedJob.postAutomatedJob(RunAutomatedJob.java:515)
at RunAutomatedJob.postAutomatedJob(RunAutomatedJob.java:515)
at RunAutomatedJob.postAutomatedJob(RunAutomatedJob.java:515)
at RunAutomatedJob.postAutomatedJob(RunAutomatedJob.java:515)
at RunAutomatedJob.postAutomatedJob(RunAutomatedJob.java:515)
at RunAutomatedJob.postAutomatedJob(RunAutomatedJob.java:515)
at RunAutomatedJob.postAutomatedJob(RunAutomatedJob.java:515)
at RunAutomatedJob.postAutomatedJob(RunAutomatedJob.java:515)
at RunAutomatedJob.postAutomatedJob(RunAutomatedJob.java:515)
at RunAutomatedJob.postAutomatedJob(RunAutomatedJob.java:515)
at RunAutomatedJob.postAutomatedJob(RunAutomatedJob.java:515)
at RunAutomatedJob.postAutomatedJob(RunAutomatedJob.java:515)
at RunAutomatedJob.postAutomatedJob(RunAutomatedJob.java:515)
at RunAutomatedJob.postAutomatedJob(RunAutomatedJob.java:515)
at RunAutomatedJob.postAutomatedJob(RunAutomatedJob.java:515)
at RunAutomatedJob.postAutomatedJob(RunAutomatedJob.java:515)
at RunAutomatedJob.postAutomatedJob(RunAutomatedJob.java:515)
at RunAutomatedJob.postAutomatedJob(RunAutomatedJob.java:515)
at RunAutomatedJob.postAutomatedJob(RunAutomatedJob.java:515)
at RunAutomatedJob.postAutomatedJob(RunAutomatedJob.java:515)
at RunAutomatedJob.postAutomatedJob(RunAutomatedJob.java:515)
at RunAutomatedJob.postAutomatedJob(RunAutomatedJob.java:515)
at RunAutomatedJob.postAutomatedJob(RunAutomatedJob.java:515)
at RunAutomatedJob.postAutomatedJob(RunAutomatedJob.java:515)
at RunAutomatedJob.postAutomatedJob(RunAutomatedJob.java:515)
at RunAutomatedJob.postAutomatedJob(RunAutomatedJob.java:515)
at RunAutomatedJob.postAutomatedJob(RunAutomatedJob.java:515)
at RunAutomatedJob.postAutomatedJob(RunAutomatedJob.java:515)
at RunAutomatedJob.postAutomatedJob(RunAutomatedJob.java:515)
at RunAutomatedJob.postAutomatedJob(RunAutomatedJob.java:515)
at RunAutomatedJob.postAutomatedJob(RunAutomatedJob.java:515)
at RunAutomatedJob.postAutomatedJob(RunAutomatedJob.java:515)
at RunAutomatedJob.postAutomatedJob(RunAutomatedJob.java:515)
at RunAutomatedJob.postAutomatedJob(RunAutomatedJob.java:515)
at RunAutomatedJob.postAutomatedJob(RunAutomatedJob.java:515)
at RunAutomatedJob.postAutomatedJob(RunAutomatedJob.java:515)
at RunAutomatedJob.postAutomatedJob(RunAutomatedJob.java:515)
at RunAutomatedJob.postAutomatedJob(RunAutomatedJob.java:515)
at RunAutomatedJob.postAutomatedJob(RunAutomatedJob.java:515)
at RunAutomatedJob.postAutomatedJob(RunAutomatedJob.java:515)
at RunAutomatedJob.postAutomatedJob(RunAutomatedJob.java:515)
at RunAutomatedJob.postAutomatedJob(RunAutomatedJob.java:515)
at RunAutomatedJob.postAutomatedJob(RunAutomatedJob.java:515)
at RunAutomatedJob.postAutomatedJob(RunAutomatedJob.java:515)
at RunAutomatedJob.postAutomatedJob(RunAutomatedJob.java:515)
at RunAutomatedJob.postAutomatedJob(RunAutomatedJob.java:515)
at RunAutomatedJob.postAutomatedJob(RunAutomatedJob.java:515)
at RunAutomatedJob.postAutomatedJob(RunAutomatedJob.java:515)
at RunAutomatedJob.postAutomatedJob(RunAutomatedJob.java:515)
at RunAutomatedJob.postAutomatedJob(RunAutomatedJob.java:515)
at RunAutomatedJob.postAutomatedJob(RunAutomatedJob.java:515)
at RunAutomatedJob.postAutomatedJob(RunAutomatedJob.java:515)
at RunAutomatedJob.postAutomatedJob(RunAutomatedJob.java:515)
at RunAutomatedJob.postAutomatedJob(RunAutomatedJob.java:515)
at RunAutomatedJob.postAutomatedJob(RunAutomatedJob.java:515)
at RunAutomatedJob.postAutomatedJob(RunAutomatedJob.java:515)
at RunAutomatedJob.postAutomatedJob(RunAutomatedJob.java:515)
at RunAutomatedJob.postAutomatedJob(RunAutomatedJob.java:515)
at RunAutomatedJob.postAutomatedJob(RunAutomatedJob.java:515)
at RunAutomatedJob.postAutomatedJob(RunAutomatedJob.java:515)
at RunAutomatedJob.postAutomatedJob(RunAutomatedJob.java:515)
at RunAutomatedJob.postAutomatedJob(RunAutomatedJob.java:515)
at RunAutomatedJob.postAutomatedJob(RunAutomatedJob.java:515)
at RunAutomatedJob.postAutomatedJob(RunAutomatedJob.java:515)
at RunAutomatedJob.postAutomatedJob(RunAutomatedJob.java:515)
at RunAutomatedJob.postAutomatedJob(RunAutomatedJob.java:515)
at RunAutomatedJob.postAutomatedJob(RunAutomatedJob.java:515)
at RunAutomatedJob.postAutomatedJob(RunAutomatedJob.java:515)
at RunAutomatedJob.postAutomatedJob(RunAutomatedJob.java:515)
at RunAutomatedJob.postAutomatedJob(RunAutomatedJob.java:515)
at RunAutomatedJob.postAutomatedJob(RunAutomatedJob.java:515)
at RunAutomatedJob.postAutomatedJob(RunAutomatedJob.java:515)
at RunAutomatedJob.postAutomatedJob(RunAutomatedJob.java:515)
at RunAutomatedJob.postAutomatedJob(RunAutomatedJob.java:515)
at RunAutomatedJob.postAutomatedJob(RunAutomatedJob.java:515)
at RunAutomatedJob.postAutomatedJob(RunAutomatedJob.java:515)
at RunAutomatedJob.postAutomatedJob(RunAutomatedJob.java:515)
at RunAutomatedJob.postAutomatedJob(RunAutomatedJob.java:515)
at RunAutomatedJob.postAutomatedJob(RunAutomatedJob.java:515)
at RunAutomatedJob.postAutomatedJob(RunAutomatedJob.java:515)
at RunAutomatedJob.postAutomatedJob(RunAutomatedJob.java:515)
at RunAutomatedJob.postAutomatedJob(RunAutomatedJob.java:515)
at RunAutomatedJob.postAutomatedJob(RunAutomatedJob.java:515)
at RunAutomatedJob.postAutomatedJob(RunAutomatedJob.java:515)
at RunAutomatedJob.postAutomatedJob(RunAutomatedJob.java:515)
at RunAutomatedJob.postAutomatedJob(RunAutomatedJob.java:515)
at RunAutomatedJob.postAutomatedJob(RunAutomatedJob.java:515)
at RunAutomatedJob.postAutomatedJob(RunAutomatedJob.java:515)
at RunAutomatedJob.postAutomatedJob(RunAutomatedJob.java:515)
at RunAutomatedJob.postAutomatedJob(RunAutomatedJob.java:515)
at RunAutomatedJob.postAutomatedJob(RunAutomatedJob.java:515)
at RunAutomatedJob.postAutomatedJob(RunAutomatedJob.java:515)
at RunAutomatedJob.postAutomatedJob(RunAutomatedJob.java:515)
at RunAutomatedJob.postAutomatedJob(RunAutomatedJob.java:515)
at RunAutomatedJob.postAutomatedJob(RunAutomatedJob.java:515)
at RunAutomatedJob.postAutomatedJob(RunAutomatedJob.java:515)
at RunAutomatedJob.postAutomatedJob(RunAutomatedJob.java:515)
at RunAutomatedJob.postAutomatedJob(RunAutomatedJob.java:515)
at RunAutomatedJob.postAutomatedJob(RunAutomatedJob.java:515)
at RunAutomatedJob.postAutomatedJob(RunAutomatedJob.java:515)
at RunAutomatedJob.postAutomatedJob(RunAutomatedJob.java:515)
at RunAutomatedJob.postAutomatedJob(RunAutomatedJob.java:515)
at RunAutomatedJob.postAutomatedJob(RunAutomatedJob.java:515)
at RunAutomatedJob.postAutomatedJob(RunAutomatedJob.java:515)
at RunAutomatedJob.postAutomatedJob(RunAutomatedJob.java:515)
at RunAutomatedJob.postAutomatedJob(RunAutomatedJob.java:515)
at RunAutomatedJob.postAutomatedJob(RunAutomatedJob.java:515)
at RunAutomatedJob.postAutomatedJob(RunAutomatedJob.java:515)
at RunAutomatedJob.postAutomatedJob(RunAutomatedJob.java:515)
at RunAutomatedJob.postAutomatedJob(RunAutomatedJob.java:515)
at RunAutomatedJob.postAutomatedJob(RunAutomatedJob.java:515)
at RunAutomatedJob.postAutomatedJob(RunAutomatedJob.java:515)
at RunAutomatedJob.postAutomatedJob(RunAutomatedJob.java:515)
at RunAutomatedJob.postAutomatedJob(RunAutomatedJob.java:515)
at RunAutomatedJob.postAutomatedJob(RunAutomatedJob.java:515)
at RunAutomatedJob.postAutomatedJob(RunAutomatedJob.java:515)
at RunAutomatedJob.postAutomatedJob(RunAutomatedJob.java:515)
at RunAutomatedJob.postAutomatedJob(RunAutomatedJob.java:515)
at RunAutomatedJob.postAutomatedJob(RunAutomatedJob.java:515)
at RunAutomatedJob.postAutomatedJob(RunAutomatedJob.java:515)
at RunAutomatedJob.postAutomatedJob(RunAutomatedJob.java:515)
at RunAutomatedJob.postAutomatedJob(RunAutomatedJob.java:515)
at RunAutomatedJob.postAutomatedJob(RunAutomatedJob.java:515)
at RunAutomatedJob.postAutomatedJob(RunAutomatedJob.java:515)
at RunAutomatedJob.postAutomatedJob(RunAutomatedJob.java:515)
at RunAutomatedJob.postAutomatedJob(RunAutomatedJob.java:515)
at RunAutomatedJob.postAutomatedJob(RunAutomatedJob.java:515)
at RunAutomatedJob.postAutomatedJob(RunAutomatedJob.java:515)
at RunAutomatedJob.postAutomatedJob(RunAutomatedJob.java:515)
at RunAutomatedJob.postAutomatedJob(RunAutomatedJob.java:515)
at RunAutomatedJob.postAutomatedJob(RunAutomatedJob.java:515)
at RunAutomatedJob.postAutomatedJob(RunAutomatedJob.java:515)
at RunAutomatedJob.postAutomatedJob(RunAutomatedJob.java:515)
at RunAutomatedJob.postAutomatedJob(RunAutomatedJob.java:515)
at RunAutomatedJob.postAutomatedJob(RunAutomatedJob.java:515)
at RunAutomatedJob.postAutomatedJob(RunAutomatedJob.java:515)
at RunAutomatedJob.postAutomatedJob(RunAutomatedJob.java:515)
at RunAutomatedJob.postAutomatedJob(RunAutomatedJob.java:515)
at RunAutomatedJob.postAutomatedJob(RunAutomatedJob.java:515)
at RunAutomatedJob.postAutomatedJob(RunAutomatedJob.java:515)
at RunAutomatedJob.postAutomatedJob(RunAutomatedJob.java:515)
at RunAutomatedJob.postAutomatedJob(RunAutomatedJob.java:515)
at RunAutomatedJob.postAutomatedJob(RunAutomatedJob.java:515)
at RunAutomatedJob.postAutomatedJob(RunAutomatedJob.java:515)
at RunAutomatedJob.postAutomatedJob(RunAutomatedJob.java:515)
at RunAutomatedJob.postAutomatedJob(RunAutomatedJob.java:515)
at RunAutomatedJob.postAutomatedJob(RunAutomatedJob.java:515)
at RunAutomatedJob.postAutomatedJob(RunAutomatedJob.java:515)
at RunAutomatedJob.postAutomatedJob(RunAutomatedJob.java:515)
at RunAutomatedJob.postAutomatedJob(RunAutomatedJob.java:515)
at RunAutomatedJob.postAutomatedJob(RunAutomatedJob.java:515)
at RunAutomatedJob.postAutomatedJob(RunAutomatedJob.java:515)
at RunAutomatedJob.postAutomatedJob(RunAutomatedJob.java:515)
at RunAutomatedJob.postAutomatedJob(RunAutomatedJob.java:515)
at RunAutomatedJob.postAutomatedJob(RunAutomatedJob.java:515)
at RunAutomatedJob.postAutomatedJob(RunAutomatedJob.java:515)
at RunAutomatedJob.postAutomatedJob(RunAutomatedJob.java:515)
at RunAutomatedJob.postAutomatedJob(RunAutomatedJob.java:515)
at RunAutomatedJob.postAutomatedJob(RunAutomatedJob.java:515)
at RunAutomatedJob.postAutomatedJob(RunAutomatedJob.java:515)
at RunAutomatedJob.postAutomatedJob(RunAutomatedJob.java:515)
at RunAutomatedJob.postAutomatedJob(RunAutomatedJob.java:515)
at RunAutomatedJob.postAutomatedJob(RunAutomatedJob.java:515)
at RunAutomatedJob.postAutomatedJob(RunAutomatedJob.java:515)
at RunAutomatedJob.postAutomatedJob(RunAutomatedJob.java:515)
at RunAutomatedJob.postAutomatedJob(RunAutomatedJob.java:515)
at RunAutomatedJob.postAutomatedJob(RunAutomatedJob.java:515)
at RunAutomatedJob.postAutomatedJob(RunAutomatedJob.java:515)
at RunAutomatedJob.postAutomatedJob(RunAutomatedJob.java:515)
at RunAutomatedJob.postAutomatedJob(RunAutomatedJob.java:515)
at RunAutomatedJob.postAutomatedJob(RunAutomatedJob.java:515)
at RunAutomatedJob.postAutomatedJob(RunAutomatedJob.java:515)
at RunAutomatedJob.postAutomatedJob(RunAutomatedJob.java:515)
at RunAutomatedJob.postAutomatedJob(RunAutomatedJob.java:515)
at RunAutomatedJob.postAutomatedJob(RunAutomatedJob.java:515)
at RunAutomatedJob.postAutomatedJob(RunAutomatedJob.java:515)
at RunAutomatedJob.postAutomatedJob(RunAutomatedJob.java:515)
at RunAutomatedJob.postAutomatedJob(RunAutomatedJob.java:515)
at RunAutomatedJob.postAutomatedJob(RunAutomatedJob.java:515)
at RunAutomatedJob.postAutomatedJob(RunAutomatedJob.java:515)
at RunAutomatedJob.postAutomatedJob(RunAutomatedJob.java:515)
at RunAutomatedJob.postAutomatedJob(RunAutomatedJob.java:515)
at RunAutomatedJob.postAutomatedJob(RunAutomatedJob.java:515)
at RunAutomatedJob.postAutomatedJob(RunAutomatedJob.java:515)
at RunAutomatedJob.postAutomatedJob(RunAutomatedJob.java:515)
at RunAutomatedJob.postAutomatedJob(RunAutomatedJob.java:515)
at RunAutomatedJob.postAutomatedJob(RunAutomatedJob.java:515)
at RunAutomatedJob.postAutomatedJob(RunAutomatedJob.java:515)
at RunAutomatedJob.postAutomatedJob(RunAutomatedJob.java:515)
at RunAutomatedJob.postAutomatedJob(RunAutomatedJob.java:515)
at RunAutomatedJob.postAutomatedJob(RunAutomatedJob.java:515)
at RunAutomatedJob.postAutomatedJob(RunAutomatedJob.java:515)
at RunAutomatedJob.postAutomatedJob(RunAutomatedJob.java:515)
at RunAutomatedJob.postAutomatedJob(RunAutomatedJob.java:515)
at RunAutomatedJob.postAutomatedJob(RunAutomatedJob.java:515)
at RunAutomatedJob.postAutomatedJob(RunAutomatedJob.java:515)
at RunAutomatedJob.postAutomatedJob(RunAutomatedJob.java:515)
at RunAutomatedJob.postAutomatedJob(RunAutomatedJob.java:515)
at RunAutomatedJob.postAutomatedJob(RunAutomatedJob.java:515)
at RunAutomatedJob.postAutomatedJob(RunAutomatedJob.java:515)
at RunAutomatedJob.postAutomatedJob(RunAutomatedJob.java:515)
at RunAutomatedJob.postAutomatedJob(RunAutomatedJob.java:515)
at RunAutomatedJob.postAutomatedJob(RunAutomatedJob.java:515)
at RunAutomatedJob.postAutomatedJob(RunAutomatedJob.java:515)
at RunAutomatedJob.postAutomatedJob(RunAutomatedJob.java:515)
at RunAutomatedJob.postAutomatedJob(RunAutomatedJob.java:515)
at RunAutomatedJob.postAutomatedJob(RunAutomatedJob.java:515)
at RunAutomatedJob.postAutomatedJob(RunAutomatedJob.java:515)
at RunAutomatedJob.postAutomatedJob(RunAutomatedJob.java:515)
at RunAutomatedJob.postAutomatedJob(RunAutomatedJob.java:515)
at RunAutomatedJob.postAutomatedJob(RunAutomatedJob.java:515)
at RunAutomatedJob.postAutomatedJob(RunAutomatedJob.java:515)
at RunAutomatedJob.postAutomatedJob(RunAutomatedJob.java:515)
at RunAutomatedJob.postAutomatedJob(RunAutomatedJob.java:515)
at RunAutomatedJob.postAutomatedJob(RunAutomatedJob.java:515)
at RunAutomatedJob.postAutomatedJob(RunAutomatedJob.java:515)
at RunAutomatedJob.postAutomatedJob(RunAutomatedJob.java:515)
at RunAutomatedJob.postAutomatedJob(RunAutomatedJob.java:515)
at RunAutomatedJob.postAutomatedJob(RunAutomatedJob.java:515)
at RunAutomatedJob.postAutomatedJob(RunAutomatedJob.java:515)
at RunAutomatedJob.postAutomatedJob(RunAutomatedJob.java:515)
at RunAutomatedJob.postAutomatedJob(RunAutomatedJob.java:515)
at RunAutomatedJob.postAutomatedJob(RunAutomatedJob.java:515)
at RunAutomatedJob.postAutomatedJob(RunAutomatedJob.java:515)
at RunAutomatedJob.postAutomatedJob(RunAutomatedJob.java:515)
at RunAutomatedJob.postAutomatedJob(RunAutomatedJob.java:515)
at RunAutomatedJob.postAutomatedJob(RunAutomatedJob.java:515)
at RunAutomatedJob.postAutomatedJob(RunAutomatedJob.java:515)
at RunAutomatedJob.postAutomatedJob(RunAutomatedJob.java:515)
at RunAutomatedJob.postAutomatedJob(RunAutomatedJob.java:515)
at RunAutomatedJob.postAutomatedJob(RunAutomatedJob.java:515)
at RunAutomatedJob.postAutomatedJob(RunAutomatedJob.java:515)
at RunAutomatedJob.postAutomatedJob(RunAutomatedJob.java:515)
at RunAutomatedJob.postAutomatedJob(RunAutomatedJob.java:515)
at RunAutomatedJob.postAutomatedJob(RunAutomatedJob.java:515)
at RunAutomatedJob.postAutomatedJob(RunAutomatedJob.java:515)
at RunAutomatedJob.postAutomatedJob(RunAutomatedJob.java:515)
at RunAutomatedJob.postAutomatedJob(RunAutomatedJob.java:515)
at RunAutomatedJob.postAutomatedJob(RunAutomatedJob.java:515)
at RunAutomatedJob.postAutomatedJob(RunAutomatedJob.java:515)
at RunAutomatedJob.postAutomatedJob(RunAutomatedJob.java:515)
at RunAutomatedJob.postAutomatedJob(RunAutomatedJob.java:515)
at RunAutomatedJob.postAutomatedJob(RunAutomatedJob.java:515)
at RunAutomatedJob.postAutomatedJob(RunAutomatedJob.java:515)
at RunAutomatedJob.postAutomatedJob(RunAutomatedJob.java:515)
at RunAutomatedJob.postAutomatedJob(RunAutomatedJob.java:515)
at RunAutomatedJob.postAutomatedJob(RunAutomatedJob.java:515)
at RunAutomatedJob.postAutomatedJob(RunAutomatedJob.java:515)
at RunAutomatedJob.postAutomatedJob(RunAutomatedJob.java:515)
at RunAutomatedJob.postAutomatedJob(RunAutomatedJob.java:515)
at RunAutomatedJob.postAutomatedJob(RunAutomatedJob.java:515)
at RunAutomatedJob.postAutomatedJob(RunAutomatedJob.java:515)
at RunAutomatedJob.postAutomatedJob(RunAutomatedJob.java:515)
at RunAutomatedJob.postAutomatedJob(RunAutomatedJob.java:515)
at RunAutomatedJob.postAutomatedJob(RunAutomatedJob.java:515)
at RunAutomatedJob.postAutomatedJob(RunAutomatedJob.java:515)
at RunAutomatedJob.postAutomatedJob(RunAutomatedJob.java:515)
at RunAutomatedJob.postAutomatedJob(RunAutomatedJob.java:515)
at RunAutomatedJob.postAutomatedJob(RunAutomatedJob.java:515)
at RunAutomatedJob.postAutomatedJob(RunAutomatedJob.java:515)
at RunAutomatedJob.postAutomatedJob(RunAutomatedJob.java:515)
at RunAutomatedJob.postAutomatedJob(RunAutomatedJob.java:515)
at RunAutomatedJob.postAutomatedJob(RunAutomatedJob.java:515)
at RunAutomatedJob.postAutomatedJob(RunAutomatedJob.java:515)
at RunAutomatedJob.postAutomatedJob(RunAutomatedJob.java:515)
at RunAutomatedJob.postAutomatedJob(RunAutomatedJob.java:515)
at RunAutomatedJob.postAutomatedJob(RunAutomatedJob.java:515)
at RunAutomatedJob.postAutomatedJob(RunAutomatedJob.java:515)
at RunAutomatedJob.postAutomatedJob(RunAutomatedJob.java:515)
at RunAutomatedJob.postAutomatedJob(RunAutomatedJob.java:515)
at RunAutomatedJob.postAutomatedJob(RunAutomatedJob.java:515)
at RunAutomatedJob.postAutomatedJob(RunAutomatedJob.java:515)
at RunAutomatedJob.postAutomatedJob(RunAutomatedJob.java:515)
at RunAutomatedJob.postAutomatedJob(RunAutomatedJob.java:515)
at RunAutomatedJob.postAutomatedJob(RunAutomatedJob.java:515)
at RunAutomatedJob.postAutomatedJob(RunAutomatedJob.java:515)
at RunAutomatedJob.postAutomatedJob(RunAutomatedJob.java:515)
at RunAutomatedJob.postAutomatedJob(RunAutomatedJob.java:515)
at RunAutomatedJob.postAutomatedJob(RunAutomatedJob.java:515)
at RunAutomatedJob.postAutomatedJob(RunAutomatedJob.java:515)
at RunAutomatedJob.postAutomatedJob(RunAutomatedJob.java:515)
at RunAutomatedJob.postAutomatedJob(RunAutomatedJob.java:515)
at RunAutomatedJob.postAutomatedJob(RunAutomatedJob.java:515)
at RunAutomatedJob.postAutomatedJob(RunAutomatedJob.java:515)
at RunAutomatedJob.postAutomatedJob(RunAutomatedJob.java:515)
at RunAutomatedJob.postAutomatedJob(RunAutomatedJob.java:515)
at RunAutomatedJob.postAutomatedJob(RunAutomatedJob.java:515)
at RunAutomatedJob.postAutomatedJob(RunAutomatedJob.java:515)
at RunAutomatedJob.postAutomatedJob(RunAutomatedJob.java:515)
at RunAutomatedJob.postAutomatedJob(RunAutomatedJob.java:515)
at RunAutomatedJob.postAutomatedJob(RunAutomatedJob.java:515)
at RunAutomatedJob.postAutomatedJob(RunAutomatedJob.java:515)
at RunAutomatedJob.postAutomatedJob(RunAutomatedJob.java:515)
at RunAutomatedJob.postAutomatedJob(RunAutomatedJob.java:515)
at RunAutomatedJob.postAutomatedJob(RunAutomatedJob.java:515)
at RunAutomatedJob.postAutomatedJob(RunAutomatedJob.java:515)
at RunAutomatedJob.postAutomatedJob(RunAutomatedJob.java:515)
at RunAutomatedJob.postAutomatedJob(RunAutomatedJob.java:515)
at RunAutomatedJob.postAutomatedJob(RunAutomatedJob.java:515)
at RunAutomatedJob.postAutomatedJob(RunAutomatedJob.java:515)
at RunAutomatedJob.postAutomatedJob(RunAutomatedJob.java:515)
at RunAutomatedJob.postAutomatedJob(RunAutomatedJob.java:515)
at RunAutomatedJob.postAutomatedJob(RunAutomatedJob.java:515)
at RunAutomatedJob.postAutomatedJob(RunAutomatedJob.java:515)
at RunAutomatedJob.postAutomatedJob(RunAutomatedJob.java:515)
at RunAutomatedJob.postAutomatedJob(RunAutomatedJob.java:515)
at RunAutomatedJob.postAutomatedJob(RunAutomatedJob.java:515)
at RunAutomatedJob.postAutomatedJob(RunAutomatedJob.java:515)
at RunAutomatedJob.postAutomatedJob(RunAutomatedJob.java:515)
at RunAutomatedJob.postAutomatedJob(RunAutomatedJob.java:515)
at RunAutomatedJob.postAutomatedJob(RunAutomatedJob.java:515)
at RunAutomatedJob.postAutomatedJob(RunAutomatedJob.java:515)
at RunAutomatedJob.postAutomatedJob(RunAutomatedJob.java:515)
at RunAutomatedJob.postAutomatedJob(RunAutomatedJob.java:515)
at RunAutomatedJob.postAutomatedJob(RunAutomatedJob.java:515)
at RunAutomatedJob.postAutomatedJob(RunAutomatedJob.java:515)
at RunAutomatedJob.postAutomatedJob(RunAutomatedJob.java:515)
at RunAutomatedJob.postAutomatedJob(RunAutomatedJob.java:515)
at RunAutomatedJob.postAutomatedJob(RunAutomatedJob.java:515)
at RunAutomatedJob.postAutomatedJob(RunAutomatedJob.java:515)
at RunAutomatedJob.postAutomatedJob(RunAutomatedJob.java:515)
at RunAutomatedJob.postAutomatedJob(RunAutomatedJob.java:515)
at RunAutomatedJob.postAutomatedJob(RunAutomatedJob.java:515)
at RunAutomatedJob.postAutomatedJob(RunAutomatedJob.java:515)
at RunAutomatedJob.postAutomatedJob(RunAutomatedJob.java:515)
at RunAutomatedJob.postAutomatedJob(RunAutomatedJob.java:515)
at RunAutomatedJob.postAutomatedJob(RunAutomatedJob.java:515)
at RunAutomatedJob.postAutomatedJob(RunAutomatedJob.java:515)
at RunAutomatedJob.postAutomatedJob(RunAutomatedJob.java:515)
at RunAutomatedJob.postAutomatedJob(RunAutomatedJob.java:515)
at RunAutomatedJob.postAutomatedJob(RunAutomatedJob.java:515)
at RunAutomatedJob.postAutomatedJob(RunAutomatedJob.java:515)
at RunAutomatedJob.postAutomatedJob(RunAutomatedJob.java:515)
at RunAutomatedJob.postAutomatedJob(RunAutomatedJob.java:515)
at RunAutomatedJob.postAutomatedJob(RunAutomatedJob.java:515)
at RunAutomatedJob.postAutomatedJob(RunAutomatedJob.java:515)
at RunAutomatedJob.postAutomatedJob(RunAutomatedJob.java:515)
at RunAutomatedJob.postAutomatedJob(RunAutomatedJob.java:515)
at RunAutomatedJob.postAutomatedJob(RunAutomatedJob.java:515)
at RunAutomatedJob.postAutomatedJob(RunAutomatedJob.java:515)
at RunAutomatedJob.postAutomatedJob(RunAutomatedJob.java:515)
at RunAutomatedJob.postAutomatedJob(RunAutomatedJob.java:515)
at RunAutomatedJob.postAutomatedJob(RunAutomatedJob.java:515)
at RunAutomatedJob.postAutomatedJob(RunAutomatedJob.java:515)
at RunAutomatedJob.postAutomatedJob(RunAutomatedJob.java:515)
at RunAutomatedJob.postAutomatedJob(RunAutomatedJob.java:515)
at RunAutomatedJob.postAutomatedJob(RunAutomatedJob.java:515)
at RunAutomatedJob.postAutomatedJob(RunAutomatedJob.java:515)
at RunAutomatedJob.postAutomatedJob(RunAutomatedJob.java:515)
at RunAutomatedJob.postAutomatedJob(RunAutomatedJob.java:515)
at RunAutomatedJob.postAutomatedJob(RunAutomatedJob.java:515)
at RunAutomatedJob.postAutomatedJob(RunAutomatedJob.java:515)
at RunAutomatedJob.postAutomatedJob(RunAutomatedJob.java:515)
at RunAutomatedJob.postAutomatedJob(RunAutomatedJob.java:515)
at RunAutomatedJob.postAutomatedJob(RunAutomatedJob.java:515)
at RunAutomatedJob.postAutomatedJob(RunAutomatedJob.java:515)
at RunAutomatedJob.postAutomatedJob(RunAutomatedJob.java:515)
at RunAutomatedJob.postAutomatedJob(RunAutomatedJob.java:515)
at RunAutomatedJob.postAutomatedJob(RunAutomatedJob.java:515)
at RunAutomatedJob.postAutomatedJob(RunAutomatedJob.java:515)
at RunAutomatedJob.postAutomatedJob(RunAutomatedJob.java:515)
at RunAutomatedJob.postAutomatedJob(RunAutomatedJob.java:515)
at RunAutomatedJob.postAutomatedJob(RunAutomatedJob.java:515)
at RunAutomatedJob.postAutomatedJob(RunAutomatedJob.java:515)
at RunAutomatedJob.postAutomatedJob(RunAutomatedJob.java:515)
at RunAutomatedJob.postAutomatedJob(RunAutomatedJob.java:515)
at RunAutomatedJob.postAutomatedJob(RunAutomatedJob.java:515)
at RunAutomatedJob.postAutomatedJob(RunAutomatedJob.java:515)
at RunAutomatedJob.postAutomatedJob(RunAutomatedJob.java:515)
at RunAutomatedJob.postAutomatedJob(RunAutomatedJob.java:515)
at RunAutomatedJob.postAutomatedJob(RunAutomatedJob.java:515)
at RunAutomatedJob.postAutomatedJob(RunAutomatedJob.java:515)
at RunAutomatedJob.postAutomatedJob(RunAutomatedJob.java:515)
at RunAutomatedJob.postAutomatedJob(RunAutomatedJob.java:515)
at RunAutomatedJob.postAutomatedJob(RunAutomatedJob.java:515)
at RunAutomatedJob.postAutomatedJob(RunAutomatedJob.java:515)
at RunAutomatedJob.postAutomatedJob(RunAutomatedJob.java:515)
at RunAutomatedJob.postAutomatedJob(RunAutomatedJob.java:515)
at RunAutomatedJob.postAutomatedJob(RunAutomatedJob.java:515)
at RunAutomatedJob.postAutomatedJob(RunAutomatedJob.java:515)
at RunAutomatedJob.postAutomatedJob(RunAutomatedJob.java:515)
at RunAutomatedJob.postAutomatedJob(RunAutomatedJob.java:515)
at RunAutomatedJob.postAutomatedJob(RunAutomatedJob.java:515)
at RunAutomatedJob.postAutomatedJob(RunAutomatedJob.java:515)
at RunAutomatedJob.postAutomatedJob(RunAutomatedJob.java:515)
at RunAutomatedJob.postAutomatedJob(RunAutomatedJob.java:515)
at RunAutomatedJob.postAutomatedJob(RunAutomatedJob.java:515)
at RunAutomatedJob.postAutomatedJob(RunAutomatedJob.java:515)
at RunAutomatedJob.postAutomatedJob(RunAutomatedJob.java:515)
at RunAutomatedJob.postAutomatedJob(RunAutomatedJob.java:515)
at RunAutomatedJob.postAutomatedJob(RunAutomatedJob.java:515)
at RunAutomatedJob.postAutomatedJob(RunAutomatedJob.java:515)
at RunAutomatedJob.postAutomatedJob(RunAutomatedJob.java:515)
at RunAutomatedJob.postAutomatedJob(RunAutomatedJob.java:515)
at RunAutomatedJob.postAutomatedJob(RunAutomatedJob.java:515)
at RunAutomatedJob.postAutomatedJob(RunAutomatedJob.java:515)
at RunAutomatedJob.postAutomatedJob(RunAutomatedJob.java:515)
at RunAutomatedJob.postAutomatedJob(RunAutomatedJob.java:515)
at RunAutomatedJob.postAutomatedJob(RunAutomatedJob.java:515)
at RunAutomatedJob.postAutomatedJob(RunAutomatedJob.java:515)
at RunAutomatedJob.postAutomatedJob(RunAutomatedJob.java:515)
at RunAutomatedJob.postAutomatedJob(RunAutomatedJob.java:515)
at RunAutomatedJob.postAutomatedJob(RunAutomatedJob.java:515)
at RunAutomatedJob.postAutomatedJob(RunAutomatedJob.java:515)
at RunAutomatedJob.postAutomatedJob(RunAutomatedJob.java:515)
at RunAutomatedJob.postAutomatedJob(RunAutomatedJob.java:515)
at RunAutomatedJob.postAutomatedJob(RunAutomatedJob.java:515)
at RunAutomatedJob.postAutomatedJob(RunAutomatedJob.java:515)
at RunAutomatedJob.postAutomatedJob(RunAutomatedJob.java:515)
at RunAutomatedJob.postAutomatedJob(RunAutomatedJob.java:515)
at RunAutomatedJob.postAutomatedJob(RunAutomatedJob.java:515)
at RunAutomatedJob.postAutomatedJob(RunAutomatedJob.java:515)
at RunAutomatedJob.postAutomatedJob(RunAutomatedJob.java:515)
at RunAutomatedJob.postAutomatedJob(RunAutomatedJob.java:515)
at RunAutomatedJob.postAutomatedJob(RunAutomatedJob.java:515)
at RunAutomatedJob.postAutomatedJob(RunAutomatedJob.java:515)
at RunAutomatedJob.postAutomatedJob(RunAutomatedJob.java:515)
at RunAutomatedJob.postAutomatedJob(RunAutomatedJob.java:515)
at RunAutomatedJob.postAutomatedJob(RunAutomatedJob.java:515)
at RunAutomatedJob.postAutomatedJob(RunAutomatedJob.java:515)
at RunAutomatedJob.postAutomatedJob(RunAutomatedJob.java:515)
at RunAutomatedJob.postAutomatedJob(RunAutomatedJob.java:515)
at RunAutomatedJob.postAutomatedJob(RunAutomatedJob.java:515)
at RunAutomatedJob.postAutomatedJob(RunAutomatedJob.java:515)
at RunAutomatedJob.postAutomatedJob(RunAutomatedJob.java:515)
at RunAutomatedJob.postAutomatedJob(RunAutomatedJob.java:515)
at RunAutomatedJob.postAutomatedJob(RunAutomatedJob.java:515)
at RunAutomatedJob.postAutomatedJob(RunAutomatedJob.java:515)
at RunAutomatedJob.postAutomatedJob(RunAutomatedJob.java:515)
at RunAutomatedJob.postAutomatedJob(RunAutomatedJob.java:515)
at RunAutomatedJob.postAutomatedJob(RunAutomatedJob.java:515)
at RunAutomatedJob.postAutomatedJob(RunAutomatedJob.java:515)
at RunAutomatedJob.postAutomatedJob(RunAutomatedJob.java:515)
at RunAutomatedJob.postAutomatedJob(RunAutomatedJob.java:515)
at RunAutomatedJob.postAutomatedJob(RunAutomatedJob.java:515)
at RunAutomatedJob.postAutomatedJob(RunAutomatedJob.java:515)
at RunAutomatedJob.postAutomatedJob(RunAutomatedJob.java:515)
at RunAutomatedJob.postAutomatedJob(RunAutomatedJob.java:515)
at RunAutomatedJob.postAutomatedJob(RunAutomatedJob.java:515)
at RunAutomatedJob.postAutomatedJob(RunAutomatedJob.java:515)
at RunAutomatedJob.postAutomatedJob(RunAutomatedJob.java:515)
at RunAutomatedJob.postAutomatedJob(RunAutomatedJob.java:515)
at RunAutomatedJob.postAutomatedJob(RunAutomatedJob.java:515)
at RunAutomatedJob.postAutomatedJob(RunAutomatedJob.java:515)
at RunAutomatedJob.postAutomatedJob(RunAutomatedJob.java:515)
at RunAutomatedJob.postAutomatedJob(RunAutomatedJob.java:515)
at RunAutomatedJob.postAutomatedJob(RunAutomatedJob.java:515)
at RunAutomatedJob.postAutomatedJob(RunAutomatedJob.java:515)
]]>
    </error>
  </testcase> <!-- postAutomatedJob -->
</testsuite> <!-- RunAutomatedJob -->
